android/app/build/intermediates/manifest_merge_blame_file/release/manifest-merger-blame-release-report.txt
1<?xml version="1.0" encoding="utf-8"?>
2<manifest xmlns:android="http://schemas.android.com/apk/res/android"
3    package="com.guilhermeferrer.boilerplate"
4    android:versionCode="1"
5    android:versionName="1.0" >
6
7    <uses-sdk
8        android:minSdkVersion="16"
8-->src\main\AndroidManifest.xml
9        android:targetSdkVersion="29" />
9-->src\main\AndroidManifest.xml
10
11    <uses-permission android:name="android.permission.INTERNET" />
11-->src\main\AndroidManifest.xml:4:5-67
11-->src\main\AndroidManifest.xml:4:22-64
12
13    <application
13-->src\main\AndroidManifest.xml:6:5-27:19
14        android:name="com.guilhermeferrer.boilerplate.MainApplication"
14-->src\main\AndroidManifest.xml:7:7-38
15        android:allowBackup="false"
15-->src\main\AndroidManifest.xml:11:7-34
16        android:appComponentFactory="androidx.core.app.CoreComponentFactory"
16-->[androidx.core:core:1.1.0] AndroidManifest.xml:24:18-86
17        android:icon="@mipmap/ic_launcher"
17-->src\main\AndroidManifest.xml:9:7-41
18        android:label="@string/app_name"
18-->src\main\AndroidManifest.xml:8:7-39
19        android:roundIcon="@mipmap/ic_launcher_round"
19-->src\main\AndroidManifest.xml:10:7-52
20        android:theme="@style/AppTheme"
20-->src\main\AndroidManifest.xml:13:7-38
21        android:usesCleartextTraffic="true" >
21-->src\main\AndroidManifest.xml:12:7-42
22        <activity
22-->src\main\AndroidManifest.xml:14:7-25:18
23            android:name="com.guilhermeferrer.boilerplate.MainActivity"
23-->src\main\AndroidManifest.xml:15:9-37
24            android:configChanges="keyboard|keyboardHidden|orientation|screenSize|uiMode"
24-->src\main\AndroidManifest.xml:17:9-86
25            android:label="@string/app_name"
25-->src\main\AndroidManifest.xml:16:9-41
26            android:launchMode="singleTask"
26-->src\main\AndroidManifest.xml:18:9-40
27            android:screenOrientation="portrait"
27-->src\main\AndroidManifest.xml:19:9-45
28            android:windowSoftInputMode="adjustResize" >
28-->src\main\AndroidManifest.xml:20:9-51
29            <intent-filter>
29-->src\main\AndroidManifest.xml:21:9-24:25
30                <action android:name="android.intent.action.MAIN" />
30-->src\main\AndroidManifest.xml:22:13-65
30-->src\main\AndroidManifest.xml:22:21-62
31
32                <category android:name="android.intent.category.LAUNCHER" />
32-->src\main\AndroidManifest.xml:23:13-73
32-->src\main\AndroidManifest.xml:23:23-70
33            </intent-filter>
34        </activity>
35        <activity android:name="com.facebook.react.devsupport.DevSettingsActivity" />
35-->src\main\AndroidManifest.xml:26:7-84
35-->src\main\AndroidManifest.xml:26:17-81
36    </application>
37
38</manifest>